cl : 命令行 warning D9025: 正在重写“/sdl-”(用“/GS-”)
  keygen.cpp
f:\projects\keygen\keygen\keygen.cpp(19): warning C4996: 'sprintf': This function or variable may be unsafe. Consider using sprintf_s instead. To disable deprecation, use _CRT_SECURE_NO_WARNINGS. See online help for details.
  e:\windows kits\10\include\10.0.17763.0\ucrt\stdio.h(1774): note: 参见“sprintf”的声明
f:\projects\keygen\keygen\keygen.cpp(20): warning C4996: 'sprintf': This function or variable may be unsafe. Consider using sprintf_s instead. To disable deprecation, use _CRT_SECURE_NO_WARNINGS. See online help for details.
  e:\windows kits\10\include\10.0.17763.0\ucrt\stdio.h(1774): note: 参见“sprintf”的声明
f:\projects\keygen\keygen\keygen.cpp(21): warning C4996: 'sprintf': This function or variable may be unsafe. Consider using sprintf_s instead. To disable deprecation, use _CRT_SECURE_NO_WARNINGS. See online help for details.
  e:\windows kits\10\include\10.0.17763.0\ucrt\stdio.h(1774): note: 参见“sprintf”的声明
f:\projects\keygen\keygen\keygen.cpp(22): warning C4996: 'sprintf': This function or variable may be unsafe. Consider using sprintf_s instead. To disable deprecation, use _CRT_SECURE_NO_WARNINGS. See online help for details.
  e:\windows kits\10\include\10.0.17763.0\ucrt\stdio.h(1774): note: 参见“sprintf”的声明
f:\projects\keygen\keygen\keygen.cpp(23): warning C4996: 'sprintf': This function or variable may be unsafe. Consider using sprintf_s instead. To disable deprecation, use _CRT_SECURE_NO_WARNINGS. See online help for details.
  e:\windows kits\10\include\10.0.17763.0\ucrt\stdio.h(1774): note: 参见“sprintf”的声明
f:\projects\keygen\keygen\keygen.cpp(25): warning C4996: 'strcat': This function or variable may be unsafe. Consider using strcat_s instead. To disable deprecation, use _CRT_SECURE_NO_WARNINGS. See online help for details.
  e:\windows kits\10\include\10.0.17763.0\ucrt\string.h(90): note: 参见“strcat”的声明
f:\projects\keygen\keygen\keygen.cpp(26): warning C4996: 'strcat': This function or variable may be unsafe. Consider using strcat_s instead. To disable deprecation, use _CRT_SECURE_NO_WARNINGS. See online help for details.
  e:\windows kits\10\include\10.0.17763.0\ucrt\string.h(90): note: 参见“strcat”的声明
f:\projects\keygen\keygen\keygen.cpp(27): warning C4996: 'strcat': This function or variable may be unsafe. Consider using strcat_s instead. To disable deprecation, use _CRT_SECURE_NO_WARNINGS. See online help for details.
  e:\windows kits\10\include\10.0.17763.0\ucrt\string.h(90): note: 参见“strcat”的声明
f:\projects\keygen\keygen\keygen.cpp(28): warning C4996: 'strcat': This function or variable may be unsafe. Consider using strcat_s instead. To disable deprecation, use _CRT_SECURE_NO_WARNINGS. See online help for details.
  e:\windows kits\10\include\10.0.17763.0\ucrt\string.h(90): note: 参见“strcat”的声明
f:\projects\keygen\keygen\keygen.cpp(29): warning C4996: 'strcat': This function or variable may be unsafe. Consider using strcat_s instead. To disable deprecation, use _CRT_SECURE_NO_WARNINGS. See online help for details.
  e:\windows kits\10\include\10.0.17763.0\ucrt\string.h(90): note: 参见“strcat”的声明
f:\projects\keygen\keygen\keygen.cpp(30): warning C4996: 'strcat': This function or variable may be unsafe. Consider using strcat_s instead. To disable deprecation, use _CRT_SECURE_NO_WARNINGS. See online help for details.
  e:\windows kits\10\include\10.0.17763.0\ucrt\string.h(90): note: 参见“strcat”的声明
  KeyGen.vcxproj -> F:\Projects\KeyGen\Debug\KeyGen.exe
